2022-05-21 09:08:22,622 : INFO : Start of Prediction
2022-05-21 09:08:22,622 : INFO : run_id:2022-05-21_090822_549883128
2022-05-21 09:08:22,622 : INFO : Start of Preprocessing...
2022-05-21 09:08:22,622 : INFO : Start of feature encoding...
2022-05-21 09:08:22,637 : INFO : End of feature encoding...
2022-05-21 09:08:22,638 : INFO : Start of Droping Columns...
2022-05-21 09:08:22,639 : INFO : End of Droping Columns...
2022-05-21 09:08:22,639 : INFO : Start of finding missing values...
2022-05-21 09:08:22,641 : INFO : End of finding missing values...
2022-05-21 09:08:22,641 : INFO : Start of building final predictset...
2022-05-21 09:08:22,646 : INFO : End of building final predictset...
2022-05-21 09:08:22,646 : INFO : End of Preprocessing...
2022-05-21 09:08:22,646 : INFO : Start of load Model
2022-05-21 09:08:22,647 : INFO : Model FileKMeansloaded
2022-05-21 09:08:22,647 : INFO : End of load Model
2022-05-21 09:08:22,659 : INFO : clusters loop started
2022-05-21 09:08:22,660 : INFO : start of finding correct Model
2022-05-21 09:08:22,661 : INFO : End of finding correct model
2022-05-21 09:08:22,661 : INFO : Start of load Model
2022-05-21 09:08:22,661 : INFO : Model FileXGBoost0loaded
2022-05-21 09:08:22,661 : INFO : End of load Model
2022-05-21 09:08:22,679 : INFO : Shape of Data (1, 9)
2022-05-21 09:08:22,692 : INFO : Shape of Data None
2022-05-21 09:08:22,696 : INFO : Output : [1.]
2022-05-21 09:08:22,696 : INFO : End of Prediction
