2022-05-21 09:22:26,735 : INFO : Start of Prediction
2022-05-21 09:22:26,735 : INFO : run_id:2022-05-21_092226_684275456
2022-05-21 09:22:26,735 : INFO : Start of Preprocessing...
2022-05-21 09:22:26,735 : INFO : Start of feature encoding...
2022-05-21 09:22:26,751 : INFO : End of feature encoding...
2022-05-21 09:22:26,751 : INFO : Start of Droping Columns...
2022-05-21 09:22:26,751 : INFO : End of Droping Columns...
2022-05-21 09:22:26,751 : INFO : Start of finding missing values...
2022-05-21 09:22:26,751 : INFO : End of finding missing values...
2022-05-21 09:22:26,751 : INFO : Start of building final predictset...
2022-05-21 09:22:26,751 : INFO : End of building final predictset...
2022-05-21 09:22:26,751 : INFO : End of Preprocessing...
2022-05-21 09:22:26,751 : INFO : Start of load Model
2022-05-21 09:22:26,751 : INFO : Model FileKMeansloaded
2022-05-21 09:22:26,751 : INFO : End of load Model
2022-05-21 09:22:26,767 : INFO : clusters loop started
2022-05-21 09:22:26,767 : INFO : start of finding correct Model
2022-05-21 09:22:26,767 : INFO : End of finding correct model
2022-05-21 09:22:26,767 : INFO : Start of load Model
2022-05-21 09:22:26,767 : INFO : Model FileXGBoost0loaded
2022-05-21 09:22:26,767 : INFO : End of load Model
2022-05-21 09:22:26,783 : INFO : Shape of Data (1, 9)
2022-05-21 09:22:26,783 : INFO : Shape of Data None
2022-05-21 09:22:26,799 : INFO : Output : [1.]
2022-05-21 09:22:26,799 : INFO : End of Prediction
