2022-05-08 15:31:49,605 : INFO : Start of Prediction
2022-05-08 15:31:49,605 : INFO : run_id:2022-05-08_153149_966862555
2022-05-08 15:31:49,605 : INFO : Start of Data Load, validation and transformation
2022-05-08 15:31:49,605 : INFO : Start of Archiving Old Rejected Files...
2022-05-08 15:31:49,605 : INFO : End of Archiving Old Rejected Files...
2022-05-08 15:31:49,605 : INFO : Start of Archiving Old Validated Files...
2022-05-08 15:31:49,605 : INFO : End of Archiving Old Validated Files...
2022-05-08 15:31:49,605 : INFO : Start of Archiving Old Processed Files...
2022-05-08 15:31:49,605 : INFO : End of Archiving Old Processed Files...
2022-05-08 15:31:49,605 : INFO : Start of Archiving Old Result Files...
2022-05-08 15:31:49,605 : INFO : End of Archiving Old Result Files...
2022-05-08 15:31:49,605 : INFO : Start of Reading values From Schema...
2022-05-08 15:31:49,605 : INFO : End of Reading values From Schema...
2022-05-08 15:31:49,605 : INFO : Start of Validating Column Length...
2022-05-08 15:31:49,614 : INFO : End of Validating Column Length...
2022-05-08 15:31:49,614 : INFO : Start of Validating Missing Values...
2022-05-08 15:31:49,617 : INFO : End of Validating Missing Values...
2022-05-08 15:31:49,617 : INFO : Start of Replacing Missing Values with NULL...
2022-05-08 15:31:49,621 : INFO : hr_employee_churn_data_predict3.csv: File Transformed successfully!!
2022-05-08 15:31:49,621 : INFO : End of Replacing Missing Values with NULL...
2022-05-08 15:31:49,621 : INFO : Start of creating Table
2022-05-08 15:31:49,621 : INFO : Opened prediction database successfully
2022-05-08 15:31:49,640 : INFO : CREATE TABLE prediction_raw_data_t column_name
2022-05-08 15:31:49,665 : INFO : Alter tableprediction_raw_data_t ADD COLUMN
2022-05-08 15:31:49,681 : INFO : Alter tableprediction_raw_data_t ADD COLUMN
2022-05-08 15:31:49,681 : INFO : Alter tableprediction_raw_data_t ADD COLUMN
2022-05-08 15:31:49,696 : INFO : Alter tableprediction_raw_data_t ADD COLUMN
2022-05-08 15:31:49,712 : INFO : Alter tableprediction_raw_data_t ADD COLUMN
2022-05-08 15:31:49,728 : INFO : Alter tableprediction_raw_data_t ADD COLUMN
2022-05-08 15:31:49,728 : INFO : Alter tableprediction_raw_data_t ADD COLUMN
2022-05-08 15:31:49,743 : INFO : Alter tableprediction_raw_data_t ADD COLUMN
2022-05-08 15:31:49,743 : INFO : End of Creating Table
2022-05-08 15:31:49,743 : INFO : Opened prediction database successfully
2022-05-08 15:31:49,743 : INFO : Start inserting files in table
2022-05-08 15:31:49,791 : INFO : End of Inserting Data into Table...
2022-05-08 15:31:49,791 : INFO : Start of Exporting Data into CSV...
2022-05-08 15:31:49,791 : INFO : Opened prediction database successfully
2022-05-08 15:31:49,791 : INFO : End of Exporting Data into CSV...
2022-05-08 15:31:49,791 : INFO : Start of Moving Processed Files...
2022-05-08 15:31:49,791 : INFO : Moved the already processed file hr_employee_churn_data_predict3.csv
2022-05-08 15:31:49,791 : INFO : End of Moving Processed Files...
2022-05-08 15:31:49,791 : INFO : End of Data Load, validation and transformation
2022-05-08 15:31:49,791 : INFO : Start of Preprocessing...
2022-05-08 15:31:49,791 : INFO : Start of reading dataset...
2022-05-08 15:31:49,807 : INFO : End of reading dataset...
2022-05-08 15:31:49,807 : INFO : Start of feature encoding...
2022-05-08 15:31:49,807 : INFO : End of feature encoding...
2022-05-08 15:31:49,807 : INFO : Start of Droping Columns...
2022-05-08 15:31:49,807 : INFO : End of Droping Columns...
2022-05-08 15:31:49,807 : INFO : Start of finding missing values...
2022-05-08 15:31:49,823 : INFO : End of finding missing values...
2022-05-08 15:31:49,823 : INFO : Start of building final predictset...
2022-05-08 15:31:49,823 : INFO : End of building final predictset...
2022-05-08 15:31:49,823 : INFO : End of Preprocessing...
2022-05-08 15:31:49,823 : INFO : Start of load Model
2022-05-08 15:31:49,823 : INFO : Model FileKMeansloaded
2022-05-08 15:31:49,823 : INFO : End of load Model
2022-05-08 15:31:49,839 : INFO : clusters loop started
2022-05-08 15:31:49,839 : INFO : start of finding correct Model
2022-05-08 15:31:49,839 : INFO : End of finding correct model
2022-05-08 15:31:49,839 : INFO : Start of load Model
2022-05-08 15:31:49,839 : INFO : Model FileXGBoost0loaded
2022-05-08 15:31:49,839 : INFO : End of load Model
2022-05-08 15:31:49,871 : INFO : clusters loop started
2022-05-08 15:31:49,871 : INFO : start of finding correct Model
2022-05-08 15:31:49,871 : INFO : End of finding correct model
2022-05-08 15:31:49,871 : INFO : Start of load Model
2022-05-08 15:31:49,871 : INFO : Model FileXGBoost1loaded
2022-05-08 15:31:49,871 : INFO : End of load Model
2022-05-08 15:31:49,887 : INFO : End of Prediction
