2022-05-08 15:12:20,840 : INFO : Start of Prediction
2022-05-08 15:12:20,840 : INFO : run_id:2022-05-08_151220_596705307
2022-05-08 15:12:20,840 : INFO : Start of Data Load, validation and transformation
2022-05-08 15:12:20,840 : INFO : Start of Archiving Old Rejected Files...
2022-05-08 15:12:20,840 : INFO : End of Archiving Old Rejected Files...
2022-05-08 15:12:20,840 : INFO : Start of Archiving Old Validated Files...
2022-05-08 15:12:20,840 : INFO : End of Archiving Old Validated Files...
2022-05-08 15:12:20,840 : INFO : Start of Archiving Old Processed Files...
2022-05-08 15:12:20,840 : INFO : End of Archiving Old Processed Files...
2022-05-08 15:12:20,840 : INFO : Start of Archiving Old Result Files...
2022-05-08 15:12:20,843 : INFO : End of Archiving Old Result Files...
2022-05-08 15:12:20,843 : INFO : Start of Reading values From Schema...
2022-05-08 15:12:20,843 : INFO : End of Reading values From Schema...
2022-05-08 15:12:20,843 : INFO : Start of Validating Column Length...
2022-05-08 15:12:20,843 : INFO : End of Validating Column Length...
2022-05-08 15:12:20,843 : INFO : Start of Validating Missing Values...
2022-05-08 15:12:20,843 : INFO : End of Validating Missing Values...
2022-05-08 15:12:20,843 : INFO : Start of Replacing Missing Values with NULL...
2022-05-08 15:12:20,863 : INFO : predict3.csv: File Transformed successfully!!
2022-05-08 15:12:20,863 : INFO : End of Replacing Missing Values with NULL...
2022-05-08 15:12:20,863 : INFO : Start of creating Table
2022-05-08 15:12:20,863 : INFO : Opened prediction database successfully
2022-05-08 15:12:20,887 : INFO : CREATE TABLE prediction_raw_data_t column_name
2022-05-08 15:12:20,895 : INFO : Alter tableprediction_raw_data_t ADD COLUMN
2022-05-08 15:12:20,912 : INFO : Alter tableprediction_raw_data_t ADD COLUMN
2022-05-08 15:12:20,920 : INFO : Alter tableprediction_raw_data_t ADD COLUMN
2022-05-08 15:12:20,937 : INFO : Alter tableprediction_raw_data_t ADD COLUMN
2022-05-08 15:12:20,937 : INFO : Alter tableprediction_raw_data_t ADD COLUMN
2022-05-08 15:12:20,953 : INFO : Alter tableprediction_raw_data_t ADD COLUMN
2022-05-08 15:12:20,969 : INFO : Alter tableprediction_raw_data_t ADD COLUMN
2022-05-08 15:12:20,969 : INFO : Alter tableprediction_raw_data_t ADD COLUMN
2022-05-08 15:12:20,985 : INFO : End of Creating Table
2022-05-08 15:12:20,985 : INFO : Opened prediction database successfully
2022-05-08 15:12:20,985 : INFO : Start inserting files in table
2022-05-08 15:12:20,985 : ERROR : Exception raised while Inserting Data into Table: table prediction_raw_data_t has 9 columns but 10 values were supplied 
Traceback (most recent call last):
  File "D:\Shubham\Project\End_to_End_project_emp_retention\apps\database\database_operation.py", line 77, in insert_data
    conn.execute("INSERT INTO "+table_name+" values ({values})".format(values=(to_db)))
sqlite3.OperationalError: table prediction_raw_data_t has 9 columns but 10 values were supplied
2022-05-08 15:12:20,985 : INFO : End of Inserting Data into Table...
2022-05-08 15:12:20,985 : INFO : Start of Exporting Data into CSV...
2022-05-08 15:12:20,985 : INFO : Opened prediction database successfully
2022-05-08 15:12:20,985 : INFO : End of Exporting Data into CSV...
2022-05-08 15:12:20,985 : INFO : Start of Moving Processed Files...
2022-05-08 15:12:20,985 : INFO : End of Moving Processed Files...
2022-05-08 15:12:20,985 : INFO : End of Data Load, validation and transformation
2022-05-08 15:12:20,985 : INFO : Start of Preprocessing...
2022-05-08 15:12:20,985 : INFO : Start of reading dataset...
2022-05-08 15:12:21,001 : INFO : End of reading dataset...
2022-05-08 15:12:21,001 : INFO : Start of feature encoding...
2022-05-08 15:12:21,032 : INFO : End of feature encoding...
2022-05-08 15:12:21,032 : INFO : Start of Droping Columns...
2022-05-08 15:12:21,032 : INFO : End of Droping Columns...
2022-05-08 15:12:21,032 : INFO : Start of finding missing values...
2022-05-08 15:12:21,032 : INFO : End of finding missing values...
2022-05-08 15:12:21,032 : INFO : Start of building final predictset...
2022-05-08 15:12:21,048 : INFO : End of building final predictset...
2022-05-08 15:12:21,048 : INFO : End of Preprocessing...
2022-05-08 15:12:21,048 : INFO : Start of load Model
2022-05-08 15:12:21,048 : INFO : Model FileKMeansloaded
2022-05-08 15:12:21,048 : INFO : End of load Model
2022-05-08 15:12:21,048 : ERROR : Unsuccessful End of Prediction
Traceback (most recent call last):
  File "D:\Shubham\Project\End_to_End_project_emp_retention\apps\prediction\predict_model.py", line 30, in batch_predict_from_model
    clusters = kmeans.predict(self.X.drop(['empid'], axis=1))
  File "D:\Shubham\Project\End_to_End_project_emp_retention\venv\lib\site-packages\sklearn\cluster\_kmeans.py", line 1156, in predict
    X = self._check_test_data(X)
  File "D:\Shubham\Project\End_to_End_project_emp_retention\venv\lib\site-packages\sklearn\cluster\_kmeans.py", line 858, in _check_test_data
    X = self._validate_data(X, accept_sparse='csr', reset=False,
  File "D:\Shubham\Project\End_to_End_project_emp_retention\venv\lib\site-packages\sklearn\base.py", line 421, in _validate_data
    X = check_array(X, **check_params)
  File "D:\Shubham\Project\End_to_End_project_emp_retention\venv\lib\site-packages\sklearn\utils\validation.py", line 63, in inner_f
    return f(*args, **kwargs)
  File "D:\Shubham\Project\End_to_End_project_emp_retention\venv\lib\site-packages\sklearn\utils\validation.py", line 726, in check_array
    raise ValueError("Found array with %d sample(s) (shape=%s) while a"
ValueError: Found array with 0 sample(s) (shape=(0, 9)) while a minimum of 1 is required.
