2022-05-07 19:45:06,275 : INFO : Start of Training
2022-05-07 19:45:06,275 : INFO : Run_id:2022-05-07_194506_993721242
2022-05-07 19:45:06,275 : INFO : Start of Data Load, validation and transformation
2022-05-07 19:45:06,275 : INFO : Start of Archiving Old Rejected Files...
2022-05-07 19:45:06,275 : INFO : End of Archiving Old Rejected Files...
2022-05-07 19:45:06,275 : INFO : Start of Archiving Old Validated Files...
2022-05-07 19:45:06,292 : INFO : End of Archiving Old Validated Files...
2022-05-07 19:45:06,292 : INFO : Start of Archiving Old Processed Files...
2022-05-07 19:45:06,294 : INFO : End of Archiving Old Processed Files...
2022-05-07 19:45:06,296 : INFO : Start of Archiving Old Result Files...
2022-05-07 19:45:06,297 : INFO : End of Archiving Old Result Files...
2022-05-07 19:45:06,297 : INFO : Start of Reading values From Schema...
2022-05-07 19:45:06,297 : INFO : End of Reading values From Schema...
2022-05-07 19:45:06,297 : INFO : Start of Validating Column Length...
2022-05-07 19:45:06,297 : INFO : End of Validating Column Length...
2022-05-07 19:45:06,297 : INFO : Start of Validating Missing Values...
2022-05-07 19:45:06,297 : INFO : End of Validating Missing Values...
2022-05-07 19:45:06,297 : INFO : Start of Replacing Missing Values with NULL...
2022-05-07 19:45:06,297 : INFO : End of Replacing Missing Values with NULL...
2022-05-07 19:45:06,297 : INFO : Start of creating Table
2022-05-07 19:45:06,297 : INFO : Opened training database successfully
2022-05-07 19:45:06,297 : INFO : Tables created successfully
2022-05-07 19:45:06,297 : INFO : Closed training database successfully
2022-05-07 19:45:06,297 : INFO : End of Creating Table
2022-05-07 19:45:06,297 : INFO : Opened training database successfully
2022-05-07 19:45:06,297 : INFO : Start inserting files in table
2022-05-07 19:45:06,297 : INFO : Start of Exporting Data into CSV...
2022-05-07 19:45:06,297 : INFO : Opened training database successfully
2022-05-07 19:45:06,367 : INFO : End of Exporting Data into CSV...
2022-05-07 19:45:06,367 : INFO : Start of Moving Processed Files...
2022-05-07 19:45:06,367 : INFO : End of Moving Processed Files...
2022-05-07 19:45:06,367 : INFO : End of Data Load, validation and transformation
2022-05-07 19:45:06,367 : INFO : Start of Preprocessing...
2022-05-07 19:45:06,367 : INFO : Start of reading dataset...
2022-05-07 19:45:06,383 : INFO : End of reading dataset...
2022-05-07 19:45:06,383 : INFO : Start of Droping Columns...
2022-05-07 19:45:06,399 : INFO : End of Droping Columns...
2022-05-07 19:45:06,399 : INFO : Start of feature encoding...
2022-05-07 19:45:06,399 : INFO : End of feature encoding...
2022-05-07 19:45:06,399 : INFO : Start of Droping Columns...
2022-05-07 19:45:06,399 : INFO : End of Droping Columns...
2022-05-07 19:45:06,399 : INFO : Start of finding missing values...
2022-05-07 19:45:06,415 : INFO : End of finding missing values...
2022-05-07 19:45:06,415 : INFO : Start of imputing missing values...
2022-05-07 19:45:06,431 : INFO : End of imputing missing values...
2022-05-07 19:45:06,431 : INFO : Start of splitting features and label ...
2022-05-07 19:45:06,431 : INFO : End of splitting features and label ...
2022-05-07 19:45:06,431 : INFO : End of Preprocessing...
2022-05-07 19:45:06,431 : INFO : Start of elbow plotting...
2022-05-07 19:45:12,295 : INFO : The optimum number of clusters is: 3
2022-05-07 19:45:12,295 : INFO : End of elbow plotting...
2022-05-07 19:45:12,295 : INFO : Start of Create clusters...
2022-05-07 19:45:12,581 : INFO : Start of Save Models
2022-05-07 19:45:12,581 : INFO : Start of Save Models
2022-05-07 19:45:12,597 : INFO : Model FileKMeanssaved
2022-05-07 19:45:12,597 : INFO : Model FileKMeanssaved
2022-05-07 19:45:12,597 : INFO : End of Save Models
2022-05-07 19:45:12,597 : INFO : End of Save Models
2022-05-07 19:45:12,597 : INFO : succesfully created 3clusters.
2022-05-07 19:45:12,597 : INFO : End of Create clusters...
2022-05-07 19:45:12,613 : INFO : Start of finding best model...
2022-05-07 19:45:12,613 : INFO : Start of finding best params for XGBoost algo...
2022-05-07 19:47:49,307 : INFO : XGBoost best params: {'learning_rate': 0.5, 'max_depth': 10, 'n_estimators': 200}
2022-05-07 19:47:49,308 : INFO : End of finding best params for XGBoost algo...
2022-05-07 19:47:49,324 : INFO : AUC for XGBoost:0.983593869701696
2022-05-07 19:47:49,324 : INFO : Start of finding best params for randomforest algo...
2022-05-07 19:48:49,448 : INFO : Random Forest best params: {'criterion': 'gini', 'max_depth': 3, 'max_features': 'log2', 'n_estimators': 10}
2022-05-07 19:48:49,448 : INFO : End of finding best params for randomforest algo...
2022-05-07 19:48:49,464 : INFO : AUC for XGBoost:0.9652175108725971
2022-05-07 19:48:49,464 : INFO : End of finding best model...
2022-05-07 19:48:49,464 : INFO : Start of Save Models
2022-05-07 19:48:49,464 : INFO : Start of Save Models
2022-05-07 19:48:49,464 : INFO : Model FileXGBoost0saved
2022-05-07 19:48:49,464 : INFO : Model FileXGBoost0saved
2022-05-07 19:48:49,464 : INFO : End of Save Models
2022-05-07 19:48:49,464 : INFO : End of Save Models
2022-05-07 19:48:49,481 : INFO : Start of finding best model...
2022-05-07 19:48:49,481 : INFO : Start of finding best params for XGBoost algo...
2022-05-07 19:51:32,873 : INFO : XGBoost best params: {'learning_rate': 0.1, 'max_depth': 10, 'n_estimators': 100}
2022-05-07 19:51:32,873 : INFO : End of finding best params for XGBoost algo...
2022-05-07 19:51:32,889 : INFO : AUC for XGBoost:0.9832103511442503
2022-05-07 19:51:32,889 : INFO : Start of finding best params for randomforest algo...
2022-05-07 19:52:32,022 : INFO : Random Forest best params: {'criterion': 'gini', 'max_depth': 3, 'max_features': 'auto', 'n_estimators': 50}
2022-05-07 19:52:32,022 : INFO : End of finding best params for randomforest algo...
2022-05-07 19:52:32,053 : INFO : AUC for XGBoost:0.9540042312753167
2022-05-07 19:52:32,053 : INFO : End of finding best model...
2022-05-07 19:52:32,053 : INFO : Start of Save Models
2022-05-07 19:52:32,053 : INFO : Start of Save Models
2022-05-07 19:52:32,053 : INFO : Model FileXGBoost1saved
2022-05-07 19:52:32,053 : INFO : Model FileXGBoost1saved
2022-05-07 19:52:32,053 : INFO : End of Save Models
2022-05-07 19:52:32,053 : INFO : End of Save Models
2022-05-07 19:52:32,069 : INFO : Start of finding best model...
2022-05-07 19:52:32,069 : INFO : Start of finding best params for XGBoost algo...
2022-05-07 19:54:22,501 : INFO : XGBoost best params: {'learning_rate': 0.5, 'max_depth': 20, 'n_estimators': 50}
2022-05-07 19:54:22,505 : INFO : End of finding best params for XGBoost algo...
2022-05-07 19:54:22,513 : INFO : AUC for XGBoost:0.9081905910735827
2022-05-07 19:54:22,514 : INFO : Start of finding best params for randomforest algo...
2022-05-07 19:54:59,461 : INFO : Random Forest best params: {'criterion': 'entropy', 'max_depth': 3, 'max_features': 'log2', 'n_estimators': 130}
2022-05-07 19:54:59,461 : INFO : End of finding best params for randomforest algo...
2022-05-07 19:54:59,492 : INFO : AUC for XGBoost:0.8193968636911944
2022-05-07 19:54:59,492 : INFO : End of finding best model...
2022-05-07 19:54:59,492 : INFO : Start of Save Models
2022-05-07 19:54:59,492 : INFO : Start of Save Models
2022-05-07 19:54:59,492 : INFO : Model FileXGBoost2saved
2022-05-07 19:54:59,492 : INFO : Model FileXGBoost2saved
2022-05-07 19:54:59,492 : INFO : End of Save Models
2022-05-07 19:54:59,492 : INFO : End of Save Models
2022-05-07 19:54:59,492 : INFO : End of Training
